\BOOKMARK [1][-]{section*.2}{\376\377\000P\000r\000o\000b\000l\000e\000m\000\040\0001\000.\0001\000\040\000F\000i\000n\000i\000t\000e\000\040\000H\000o\000r\000i\000z\000o\000n\000\040\000D\000y\000n\000a\000m\000i\000c\000\040\000P\000r\000o\000g\000r\000a\000m\000m\000i\000n\000g}{}% 1
\BOOKMARK [1][-]{section*.3}{\376\377\0001\000.\0001\000\040\000\050\000a\000\051}{}% 2
\BOOKMARK [1][-]{section*.4}{\376\377\0001\000.\0001\000\040\000\050\000b\000\051}{}% 3
\BOOKMARK [1][-]{section*.10}{\376\377\0001\000.\0001\000\040\000\050\000c\000\051}{}% 4
\BOOKMARK [1][-]{section*.14}{\376\377\0001\000.\0001\000\040\000\050\000d\000\051}{}% 5
\BOOKMARK [1][-]{section*.15}{\376\377\000P\000r\000o\000b\000l\000e\000m\000\040\0001\000.\0002\000\040\000D\000y\000n\000a\000m\000i\000c\000\040\000P\000r\000o\000g\000r\000a\000m\000m\000i\000n\000g\000\040\000f\000o\000r\000\040\000a\000\040\000R\000o\000b\000o\000t\000\040\000V\000a\000c\000u\000u\000m\000\040\000C\000l\000e\000a\000n\000e\000r}{}% 6
\BOOKMARK [1][-]{section*.16}{\376\377\0001\000.\0002\000\040\000\050\000a\000\051}{}% 7
\BOOKMARK [1][-]{section*.17}{\376\377\0001\000.\0002\000\040\000\050\000b\000\051}{}% 8
\BOOKMARK [1][-]{section*.18}{\376\377\0001\000.\0002\000\040\000\050\000c\000\051}{}% 9
\BOOKMARK [1][-]{section*.19}{\376\377\0001\000.\0002\000\040\000\050\000d\000\051}{}% 10
\BOOKMARK [1][-]{section*.20}{\376\377\000P\000r\000o\000b\000l\000e\000m\000\040\0001\000.\0003\000\040\000A\000p\000p\000r\000o\000x\000i\000m\000a\000t\000e\000\040\000D\000y\000n\000a\000m\000i\000c\000\040\000P\000r\000o\000g\000r\000a\000m\000m\000i\000n\000g}{}% 11
\BOOKMARK [1][-]{section*.21}{\376\377\0001\000.\0003\000\040\000\050\000a\000\051}{}% 12
\BOOKMARK [1][-]{section*.22}{\376\377\0001\000.\0003\000\040\000\050\000b\000\051}{}% 13
\BOOKMARK [1][-]{section*.23}{\376\377\0001\000.\0003\000\040\000\050\000c\000\051}{}% 14
\BOOKMARK [1][-]{section*.24}{\376\377\0001\000.\0003\000\040\000\050\000d\000\051}{}% 15
\BOOKMARK [1][-]{section*.25}{\376\377\0001\000.\0003\000\040\000\050\000e\000\051}{}% 16
\BOOKMARK [1][-]{section*.26}{\376\377\000P\000r\000o\000b\000l\000e\000m\000\040\0001\000.\0004\000\040\000I\000n\000f\000i\000n\000i\000t\000e\000\040\000H\000o\000r\000i\000z\000o\000n\000\040\000D\000y\000n\000a\000m\000i\000c\000\040\000P\000r\000o\000g\000r\000a\000m\000m\000i\000n\000g}{}% 17
\BOOKMARK [1][-]{section*.27}{\376\377\0001\000.\0004\000\040\000\050\000a\000\051}{}% 18
\BOOKMARK [1][-]{section*.28}{\376\377\0001\000.\0004\000\040\000\050\000b\000\051}{}% 19
\BOOKMARK [1][-]{section*.29}{\376\377\0001\000.\0004\000\040\000\050\000c\000\051}{}% 20
\BOOKMARK [1][-]{section*.30}{\376\377\0001\000.\0004\000\040\000\050\000d\000\051}{}% 21
